# JRE version: OpenJDK Runtime Environment Temurin-21.0.11+10 (21.0.11+10) (build 21.0.11+10-LTS)
# Java VM: OpenJDK 64-Bit Server VM Temurin-21.0.11+10 (21.0.11+10-LTS, mixed mode, sharing, tiered, compressed oops, compressed class ptrs, parallel gc, windows-amd64)
GC Precious Log:
 CardTable entry size: 512
 CPUs: 12 total, 12 available
 Memory: 16110M
 Large Page Support: Disabled
 NUMA Support: Disabled
 Compressed Oops: Enabled (32-bit)
 Alignments: Space 512K, Generation 512K, Heap 2M
 Heap Min Capacity: 100M
 Heap Initial Capacity: 100M
 Heap Max Capacity: 2G
 Pre-touch: Disabled
 Parallel Workers: 10
Heap:
 PSYoungGen      total 6144K, used 1140K [0x00000000d5580000, 0x00000000d5d80000, 0x0000000100000000)
  eden space 5120K, 17% used [0x00000000d5580000,0x00000000d565d358,0x00000000d5a80000)
  from space 1024K, 25% used [0x00000000d5b80000,0x00000000d5bc0000,0x00000000d5c80000)
  to   space 512K, 0% used [0x00000000d5d00000,0x00000000d5d00000,0x00000000d5d80000)
 ParOldGen       total 176640K, used 176572K [0x0000000080000000, 0x000000008ac80000, 0x00000000d5580000)
  object space 176640K, 99% used [0x0000000080000000,0x000000008ac6f1d8,0x000000008ac80000)
 Metaspace       used 69799K, committed 71296K, reserved 1114112K
  class space    used 8135K, committed 8768K, reserved 1048576K
GC Heap History (20 events):
Event: 31.698 GC heap before
{Heap before GC invocations=79 (full 3):
 PSYoungGen      total 7680K, used 7424K [0x00000000d5580000, 0x00000000d6580000, 0x0000000100000000)
  eden space 5120K, 100% used [0x00000000d5580000,0x00000000d5a80000,0x00000000d5a80000)
  from space 2560K, 90% used [0x00000000d5a80000,0x00000000d5cc0030,0x00000000d5d00000)
  to   space 5120K, 0% used [0x00000000d6080000,0x00000000d6080000,0x00000000d6580000)
 ParOldGen       total 145408K, used 144159K [0x0000000080000000, 0x0000000088e00000, 0x00000000d5580000)
  object space 145408K, 99% used [0x0000000080000000,0x0000000088cc7db0,0x0000000088e00000)
 Metaspace       used 69030K, committed 70528K, reserved 1114112K
  class space    used 8069K, committed 8704K, reserved 1048576K
}
Event: 31.703 GC heap after
{Heap after GC invocations=79 (full 3):
 PSYoungGen      total 9728K, used 4424K [0x00000000d5580000, 0x00000000d6500000, 0x0000000100000000)
  eden space 5120K, 0% used [0x00000000d5580000,0x00000000d5580000,0x00000000d5a80000)
  from space 4608K, 96% used [0x00000000d6080000,0x00000000d64d2260,0x00000000d6500000)
  to   space 5120K, 0% used [0x00000000d5b00000,0x00000000d5b00000,0x00000000d6000000)
 ParOldGen       total 145920K, used 145799K [0x0000000080000000, 0x0000000088e80000, 0x00000000d5580000)
  object space 145920K, 99% used [0x0000000080000000,0x0000000088e61dc0,0x0000000088e80000)
 Metaspace       used 69030K, committed 70528K, reserved 1114112K
  class space    used 8069K, committed 8704K, reserved 1048576K
}
Event: 31.737 GC heap before
{Heap before GC invocations=80 (full 3):
 PSYoungGen      total 9728K, used 9544K [0x00000000d5580000, 0x00000000d6500000, 0x0000000100000000)
  eden space 5120K, 100% used [0x00000000d5580000,0x00000000d5a80000,0x00000000d5a80000)
  from space 4608K, 96% used [0x00000000d6080000,0x00000000d64d2260,0x00000000d6500000)
  to   space 5120K, 0% used [0x00000000d5b00000,0x00000000d5b00000,0x00000000d6000000)
 ParOldGen       total 145920K, used 145799K [0x0000000080000000, 0x0000000088e80000, 0x00000000d5580000)
  object space 145920K, 99% used [0x0000000080000000,0x0000000088e61dc0,0x0000000088e80000)
 Metaspace       used 69047K, committed 70528K, reserved 1114112K
  class space    used 8071K, committed 8704K, reserved 1048576K
}
Event: 31.741 GC heap after
{Heap after GC invocations=80 (full 3):
 PSYoungGen      total 10240K, used 5120K [0x00000000d5580000, 0x00000000d6580000, 0x0000000100000000)
  eden space 5120K, 0% used [0x00000000d5580000,0x00000000d5580000,0x00000000d5a80000)
  from space 5120K, 100% used [0x00000000d5b00000,0x00000000d6000000,0x00000000d6000000)
  to   space 5632K, 0% used [0x00000000d6000000,0x00000000d6000000,0x00000000d6580000)
 ParOldGen       total 150528K, used 150136K [0x0000000080000000, 0x0000000089300000, 0x00000000d5580000)
  object space 150528K, 99% used [0x0000000080000000,0x000000008929e020,0x0000000089300000)
 Metaspace       used 69047K, committed 70528K, reserved 1114112K
  class space    used 8071K, committed 8704K, reserved 1048576K
}
Event: 31.813 GC heap before
{Heap before GC invocations=81 (full 3):
 PSYoungGen      total 10240K, used 10240K [0x00000000d5580000, 0x00000000d6580000, 0x0000000100000000)
  eden space 5120K, 100% used [0x00000000d5580000,0x00000000d5a80000,0x00000000d5a80000)
  from space 5120K, 100% used [0x00000000d5b00000,0x00000000d6000000,0x00000000d6000000)
  to   space 5632K, 0% used [0x00000000d6000000,0x00000000d6000000,0x00000000d6580000)
 ParOldGen       total 150528K, used 150136K [0x0000000080000000, 0x0000000089300000, 0x00000000d5580000)
  object space 150528K, 99% used [0x0000000080000000,0x000000008929e020,0x0000000089300000)
 Metaspace       used 69047K, committed 70528K, reserved 1114112K
  class space    used 8071K, committed 8704K, reserved 1048576K
}
Event: 31.818 GC heap after
{Heap after GC invocations=81 (full 3):
 PSYoungGen      total 10752K, used 5216K [0x00000000d5580000, 0x00000000d6580000, 0x0000000100000000)
  eden space 5120K, 0% used [0x00000000d5580000,0x00000000d5580000,0x00000000d5a80000)
  from space 5632K, 92% used [0x00000000d6000000,0x00000000d6518000,0x00000000d6580000)
  to   space 5632K, 0% used [0x00000000d5a80000,0x00000000d5a80000,0x00000000d6000000)
 ParOldGen       total 155648K, used 155184K [0x0000000080000000, 0x0000000089800000, 0x00000000d5580000)
  object space 155648K, 99% used [0x0000000080000000,0x000000008978c020,0x0000000089800000)
 Metaspace       used 69047K, committed 70528K, reserved 1114112K
  class space    used 8071K, committed 8704K, reserved 1048576K
}
Event: 31.895 GC heap before
{Heap before GC invocations=82 (full 3):
 PSYoungGen      total 10752K, used 10336K [0x00000000d5580000, 0x00000000d6580000, 0x0000000100000000)
  eden space 5120K, 100% used [0x00000000d5580000,0x00000000d5a80000,0x00000000d5a80000)
  from space 5632K, 92% used [0x00000000d6000000,0x00000000d6518000,0x00000000d6580000)
  to   space 5632K, 0% used [0x00000000d5a80000,0x00000000d5a80000,0x00000000d6000000)
 ParOldGen       total 155648K, used 155184K [0x0000000080000000, 0x0000000089800000, 0x00000000d5580000)
  object space 155648K, 99% used [0x0000000080000000,0x000000008978c020,0x0000000089800000)
 Metaspace       used 69047K, committed 70528K, reserved 1114112K
  class space    used 8071K, committed 8704K, reserved 1048576K
}
Event: 31.899 GC heap after
{Heap after GC invocations=82 (full 3):
 PSYoungGen      total 10752K, used 5280K [0x00000000d5580000, 0x00000000d6580000, 0x0000000100000000)
  eden space 5120K, 0% used [0x00000000d5580000,0x00000000d5580000,0x00000000d5a80000)
  from space 5632K, 93% used [0x00000000d5a80000,0x00000000d5fa8000,0x00000000d6000000)
  to   space 5632K, 0% used [0x00000000d6000000,0x00000000d6000000,0x00000000d6580000)
 ParOldGen       total 160768K, used 160336K [0x0000000080000000, 0x0000000089d00000, 0x00000000d5580000)
  object space 160768K, 99% used [0x0000000080000000,0x0000000089c94020,0x0000000089d00000)
 Metaspace       used 69047K, committed 70528K, reserved 1114112K
  class space    used 8071K, committed 8704K, reserved 1048576K
}
Event: 31.976 GC heap before
{Heap before GC invocations=83 (full 3):
 PSYoungGen      total 10752K, used 10278K [0x00000000d5580000, 0x00000000d6580000, 0x0000000100000000)
  eden space 5120K, 97% used [0x00000000d5580000,0x00000000d5a61bb8,0x00000000d5a80000)
  from space 5632K, 93% used [0x00000000d5a80000,0x00000000d5fa8000,0x00000000d6000000)
  to   space 5632K, 0% used [0x00000000d6000000,0x00000000d6000000,0x00000000d6580000)
 ParOldGen       total 160768K, used 160336K [0x0000000080000000, 0x0000000089d00000, 0x00000000d5580000)
  object space 160768K, 99% used [0x0000000080000000,0x0000000089c94020,0x0000000089d00000)
 Metaspace       used 69047K, committed 70528K, reserved 1114112K
  class space    used 8071K, committed 8704K, reserved 1048576K
}
Event: 31.982 GC heap after
{Heap after GC invocations=83 (full 3):
 PSYoungGen      total 10240K, used 4986K [0x00000000d5580000, 0x00000000d6500000, 0x0000000100000000)
  eden space 5120K, 0% used [0x00000000d5580000,0x00000000d5580000,0x00000000d5a80000)
  from space 5120K, 97% used [0x00000000d6000000,0x00000000d64de800,0x00000000d6500000)
  to   space 5120K, 0% used [0x00000000d5b00000,0x00000000d5b00000,0x00000000d6000000)
 ParOldGen       total 165888K, used 165504K [0x0000000080000000, 0x000000008a200000, 0x00000000d5580000)
  object space 165888K, 99% used [0x0000000080000000,0x000000008a1a0020,0x000000008a200000)
 Metaspace       used 69047K, committed 70528K, reserved 1114112K
  class space    used 8071K, committed 8704K, reserved 1048576K
}
Event: 32.168 GC heap before
{Heap before GC invocations=84 (full 3):
 PSYoungGen      total 10240K, used 9108K [0x00000000d5580000, 0x00000000d6500000, 0x0000000100000000)
  eden space 5120K, 80% used [0x00000000d5580000,0x00000000d5986a70,0x00000000d5a80000)
  from space 5120K, 97% used [0x00000000d6000000,0x00000000d64de800,0x00000000d6500000)
  to   space 5120K, 0% used [0x00000000d5b00000,0x00000000d5b00000,0x00000000d6000000)
 ParOldGen       total 165888K, used 165504K [0x0000000080000000, 0x000000008a200000, 0x00000000d5580000)
  object space 165888K, 99% used [0x0000000080000000,0x000000008a1a0020,0x000000008a200000)
 Metaspace       used 69047K, committed 70528K, reserved 1114112K
  class space    used 8071K, committed 8704K, reserved 1048576K
}
Event: 32.173 GC heap after
{Heap after GC invocations=84 (full 3):
 PSYoungGen      total 8704K, used 3312K [0x00000000d5580000, 0x00000000d6280000, 0x0000000100000000)
  eden space 5120K, 0% used [0x00000000d5580000,0x00000000d5580000,0x00000000d5a80000)
  from space 3584K, 92% used [0x00000000d5b00000,0x00000000d5e3c000,0x00000000d5e80000)
  to   space 4096K, 0% used [0x00000000d5e80000,0x00000000d5e80000,0x00000000d6280000)
 ParOldGen       total 170496K, used 170248K [0x0000000080000000, 0x000000008a680000, 0x00000000d5580000)
  object space 170496K, 99% used [0x0000000080000000,0x000000008a642020,0x000000008a680000)
 Metaspace       used 69047K, committed 70528K, reserved 1114112K
  class space    used 8071K, committed 8704K, reserved 1048576K
}
Event: 32.964 GC heap before
{Heap before GC invocations=85 (full 3):
 PSYoungGen      total 8704K, used 8431K [0x00000000d5580000, 0x00000000d6280000, 0x0000000100000000)
  eden space 5120K, 99% used [0x00000000d5580000,0x00000000d5a7fff0,0x00000000d5a80000)
  from space 3584K, 92% used [0x00000000d5b00000,0x00000000d5e3c000,0x00000000d5e80000)
  to   space 4096K, 0% used [0x00000000d5e80000,0x00000000d5e80000,0x00000000d6280000)
 ParOldGen       total 170496K, used 170248K [0x0000000080000000, 0x000000008a680000, 0x00000000d5580000)
  object space 170496K, 99% used [0x0000000080000000,0x000000008a642020,0x000000008a680000)
 Metaspace       used 69083K, committed 70528K, reserved 1114112K
  class space    used 8072K, committed 8704K, reserved 1048576K
}
Event: 32.969 GC heap after
{Heap after GC invocations=85 (full 3):
 PSYoungGen      total 9216K, used 3936K [0x00000000d5580000, 0x00000000d6280000, 0x0000000100000000)
  eden space 5120K, 0% used [0x00000000d5580000,0x00000000d5580000,0x00000000d5a80000)
  from space 4096K, 96% used [0x00000000d5e80000,0x00000000d6258000,0x00000000d6280000)
  to   space 4096K, 0% used [0x00000000d5a80000,0x00000000d5a80000,0x00000000d5e80000)
 ParOldGen       total 172544K, used 172192K [0x0000000080000000, 0x000000008a880000, 0x00000000d5580000)
  object space 172544K, 99% used [0x0000000080000000,0x000000008a828020,0x000000008a880000)
 Metaspace       used 69083K, committed 70528K, reserved 1114112K
  class space    used 8072K, committed 8704K, reserved 1048576K
}
Event: 35.952 GC heap before
{Heap before GC invocations=86 (full 3):
 PSYoungGen      total 9216K, used 9056K [0x00000000d5580000, 0x00000000d6280000, 0x0000000100000000)
  eden space 5120K, 100% used [0x00000000d5580000,0x00000000d5a80000,0x00000000d5a80000)
  from space 4096K, 96% used [0x00000000d5e80000,0x00000000d6258000,0x00000000d6280000)
  to   space 4096K, 0% used [0x00000000d5a80000,0x00000000d5a80000,0x00000000d5e80000)
 ParOldGen       total 172544K, used 172192K [0x0000000080000000, 0x000000008a880000, 0x00000000d5580000)
  object space 172544K, 99% used [0x0000000080000000,0x000000008a828020,0x000000008a880000)
 Metaspace       used 69532K, committed 71040K, reserved 1114112K
  class space    used 8130K, committed 8768K, reserved 1048576K
}
Event: 35.957 GC heap after
{Heap after GC invocations=86 (full 3):
 PSYoungGen      total 6144K, used 736K [0x00000000d5580000, 0x00000000d5f00000, 0x0000000100000000)
  eden space 5120K, 0% used [0x00000000d5580000,0x00000000d5580000,0x00000000d5a80000)
  from space 1024K, 71% used [0x00000000d5a80000,0x00000000d5b38000,0x00000000d5b80000)
  to   space 2048K, 0% used [0x00000000d5d00000,0x00000000d5d00000,0x00000000d5f00000)
 ParOldGen       total 176128K, used 175952K [0x0000000080000000, 0x000000008ac00000, 0x00000000d5580000)
  object space 176128K, 99% used [0x0000000080000000,0x000000008abd4020,0x000000008ac00000)
 Metaspace       used 69532K, committed 71040K, reserved 1114112K
  class space    used 8130K, committed 8768K, reserved 1048576K
}
Event: 36.178 GC heap before
{Heap before GC invocations=87 (full 3):
 PSYoungGen      total 6144K, used 5856K [0x00000000d5580000, 0x00000000d5f00000, 0x0000000100000000)
  eden space 5120K, 100% used [0x00000000d5580000,0x00000000d5a80000,0x00000000d5a80000)
  from space 1024K, 71% used [0x00000000d5a80000,0x00000000d5b38000,0x00000000d5b80000)
  to   space 2048K, 0% used [0x00000000d5d00000,0x00000000d5d00000,0x00000000d5f00000)
 ParOldGen       total 176128K, used 175952K [0x0000000080000000, 0x000000008ac00000, 0x00000000d5580000)
  object space 176128K, 99% used [0x0000000080000000,0x000000008abd4020,0x000000008ac00000)
 Metaspace       used 69580K, committed 71104K, reserved 1114112K
  class space    used 8130K, committed 8768K, reserved 1048576K
}
Event: 36.180 GC heap after
{Heap after GC invocations=87 (full 3):
 PSYoungGen      total 5632K, used 160K [0x00000000d5580000, 0x00000000d5d80000, 0x0000000100000000)
  eden space 5120K, 0% used [0x00000000d5580000,0x00000000d5580000,0x00000000d5a80000)
  from space 512K, 31% used [0x00000000d5d00000,0x00000000d5d28000,0x00000000d5d80000)
  to   space 1024K, 0% used [0x00000000d5b80000,0x00000000d5b80000,0x00000000d5c80000)
 ParOldGen       total 176640K, used 176516K [0x0000000080000000, 0x000000008ac80000, 0x00000000d5580000)
  object space 176640K, 99% used [0x0000000080000000,0x000000008ac611d8,0x000000008ac80000)
 Metaspace       used 69580K, committed 71104K, reserved 1114112K
  class space    used 8130K, committed 8768K, reserved 1048576K
}
Event: 36.415 GC heap before
{Heap before GC invocations=88 (full 3):
 PSYoungGen      total 5632K, used 5280K [0x00000000d5580000, 0x00000000d5d80000, 0x0000000100000000)
  eden space 5120K, 100% used [0x00000000d5580000,0x00000000d5a80000,0x00000000d5a80000)
  from space 512K, 31% used [0x00000000d5d00000,0x00000000d5d28000,0x00000000d5d80000)
  to   space 1024K, 0% used [0x00000000d5b80000,0x00000000d5b80000,0x00000000d5c80000)
 ParOldGen       total 176640K, used 176516K [0x0000000080000000, 0x000000008ac80000, 0x00000000d5580000)
  object space 176640K, 99% used [0x0000000080000000,0x000000008ac611d8,0x000000008ac80000)
 Metaspace       used 69635K, committed 71104K, reserved 1114112K
  class space    used 8130K, committed 8768K, reserved 1048576K
}
Event: 36.416 GC heap after
{Heap after GC invocations=88 (full 3):
 PSYoungGen      total 6144K, used 256K [0x00000000d5580000, 0x00000000d5d80000, 0x0000000100000000)
  eden space 5120K, 0% used [0x00000000d5580000,0x00000000d5580000,0x00000000d5a80000)
  from space 1024K, 25% used [0x00000000d5b80000,0x00000000d5bc0000,0x00000000d5c80000)
  to   space 512K, 0% used [0x00000000d5d00000,0x00000000d5d00000,0x00000000d5d80000)
 ParOldGen       total 176640K, used 176572K [0x0000000080000000, 0x000000008ac80000, 0x00000000d5580000)
  object space 176640K, 99% used [0x0000000080000000,0x000000008ac6f1d8,0x000000008ac80000)
 Metaspace       used 69635K, committed 71104K, reserved 1114112K
  class space    used 8130K, committed 8768K, reserved 1048576K
}

